stdio    D         file_stdio.c:110  file_stdio_fopen                 [   0.00000] opening C:\Users\bilol\source\repos\AllegroGame\Debug\allegro5.cfg r
system   D            wsystem.c:834  maybe_parent_dir                 [   0.00000] Also searching C:\Users\bilol\Source\Repos\AllegroGame\
system   D            wsystem.c:889  _al_win_safe_load_library        [   0.00000] PathFindOnPath found: C:\WINDOWS\system32\shcore.dll
system   D            wsystem.c:795  load_library_at_path             [   0.00000] Calling LoadLibrary C:\WINDOWS\system32\shcore.dll
system   I            wsystem.c:798  load_library_at_path             [   0.00000] Loaded C:\WINDOWS\system32\shcore.dll
system   I             system.c:271  al_install_system                [   0.00000] Allegro version: 5.2.8
system   D            wsystem.c:834  maybe_parent_dir                 [   0.00090] Also searching C:\Users\bilol\source\repos\AllegroGame\
system   D            wsystem.c:889  _al_win_safe_load_library        [   0.00126] PathFindOnPath found: C:\WINDOWS\system32\d3d9.dll
system   D            wsystem.c:795  load_library_at_path             [   0.00137] Calling LoadLibrary C:\WINDOWS\system32\d3d9.dll
system   I            wsystem.c:798  load_library_at_path             [   0.00562] Loaded C:\WINDOWS\system32\d3d9.dll
d3d      I         d3d_disp.cpp:679  d3d_init_display                 [   0.11173] Render-to-texture: 1
d3d      I         d3d_disp.cpp:1780 d3d_create_display_locked        [   0.11278] faux_fullscreen=0
d3d      D         d3d_disp.cpp:1781 d3d_create_display_locked        [   0.11289] al_display=0109D2E0
d3d      D         d3d_disp.cpp:1782 d3d_create_display_locked        [   0.11300] al_display->vt=01059A30
d3d      I d3d_display_formats.cpp:144  _al_d3d_generate_display_format_list [   0.13766] found 64 format combinations
display  D   display_settings.c:214  debug_display_settings           [   0.13786] color: 32 (rgba 8880), depth: 0, stencil: 0, acc: 0000, samples: 0/0
display  D   display_settings.c:529  _al_score_display_settings       [   0.13799] Score is : 897
display  D   display_settings.c:214  debug_display_settings           [   0.13808] color: 32 (rgba 8880), depth: 0, stencil: 0, acc: 0000, samples: 0/0
display  D   display_settings.c:529  _al_score_display_settings       [   0.13819] Score is : 897
display  D   display_settings.c:214  debug_display_settings           [   0.13828] color: 32 (rgba 8880), depth: 24, stencil: 8, acc: 0000, samples: 0/0
display  D   display_settings.c:529  _al_score_display_settings       [   0.13839] Score is : 897
display  D   display_settings.c:214  debug_display_settings           [   0.13848] color: 32 (rgba 8880), depth: 24, stencil: 8, acc: 0000, samples: 0/0
display  D   display_settings.c:529  _al_score_display_settings       [   0.13873] Score is : 897
display  D   display_settings.c:214  debug_display_settings           [   0.13882] color: 32 (rgba 8880), depth: 24, stencil: 0, acc: 0000, samples: 0/0
display  D   display_settings.c:529  _al_score_display_settings       [   0.13892] Score is : 897
display  D   display_settings.c:214  debug_display_settings           [   0.13902] color: 32 (rgba 8880), depth: 24, stencil: 0, acc: 0000, samples: 0/0
display  D   display_settings.c:529  _al_score_display_settings       [   0.13945] Score is : 897
display  D   display_settings.c:214  debug_display_settings           [   0.13957] color: 32 (rgba 8880), depth: 16, stencil: 0, acc: 0000, samples: 0/0
display  D   display_settings.c:529  _al_score_display_settings       [   0.13967] Score is : 897
display  D   display_settings.c:214  debug_display_settings           [   0.13977] color: 32 (rgba 8880), depth: 16, stencil: 0, acc: 0000, samples: 0/0
display  D   display_settings.c:529  _al_score_display_settings       [   0.13988] Score is : 897
display  D   display_settings.c:214  debug_display_settings           [   0.13997] color: 16 (rgba 5650), depth: 0, stencil: 0, acc: 0000, samples: 0/0
display  D   display_settings.c:529  _al_score_display_settings       [   0.14007] Score is : 897
display  D   display_settings.c:214  debug_display_settings           [   0.14026] color: 16 (rgba 5650), depth: 0, stencil: 0, acc: 0000, samples: 0/0
display  D   display_settings.c:529  _al_score_display_settings       [   0.14038] Score is : 897
display  D   display_settings.c:214  debug_display_settings           [   0.14047] color: 16 (rgba 5650), depth: 24, stencil: 8, acc: 0000, samples: 0/0
display  D   display_settings.c:529  _al_score_display_settings       [   0.14057] Score is : 897
display  D   display_settings.c:214  debug_display_settings           [   0.14066] color: 16 (rgba 5650), depth: 24, stencil: 8, acc: 0000, samples: 0/0
display  D   display_settings.c:529  _al_score_display_settings       [   0.14076] Score is : 897
display  D   display_settings.c:214  debug_display_settings           [   0.14085] color: 16 (rgba 5650), depth: 24, stencil: 0, acc: 0000, samples: 0/0
display  D   display_settings.c:529  _al_score_display_settings       [   0.14096] Score is : 897
display  D   display_settings.c:214  debug_display_settings           [   0.14105] color: 16 (rgba 5650), depth: 24, stencil: 0, acc: 0000, samples: 0/0
display  D   display_settings.c:529  _al_score_display_settings       [   0.14115] Score is : 897
display  D   display_settings.c:214  debug_display_settings           [   0.14124] color: 16 (rgba 5650), depth: 16, stencil: 0, acc: 0000, samples: 0/0
display  D   display_settings.c:529  _al_score_display_settings       [   0.14134] Score is : 897
display  D   display_settings.c:214  debug_display_settings           [   0.14143] color: 16 (rgba 5650), depth: 16, stencil: 0, acc: 0000, samples: 0/0
display  D   display_settings.c:529  _al_score_display_settings       [   0.14154] Score is : 897
display  D   display_settings.c:214  debug_display_settings           [   0.14163] color: 32 (rgba 8880), depth: 0, stencil: 0, acc: 0000, samples: 0/0
display  D   display_settings.c:400  _al_score_display_settings       [   0.14173] Single Buffer requirement not met.
display  D   display_settings.c:214  debug_display_settings           [   0.14182] color: 32 (rgba 8880), depth: 0, stencil: 0, acc: 0000, samples: 0/0
display  D   display_settings.c:400  _al_score_display_settings       [   0.14192] Single Buffer requirement not met.
display  D   display_settings.c:214  debug_display_settings           [   0.14201] color: 32 (rgba 8880), depth: 24, stencil: 8, acc: 0000, samples: 0/0
display  D   display_settings.c:400  _al_score_display_settings       [   0.14212] Single Buffer requirement not met.
display  D   display_settings.c:214  debug_display_settings           [   0.14221] color: 32 (rgba 8880), depth: 24, stencil: 8, acc: 0000, samples: 0/0
display  D   display_settings.c:400  _al_score_display_settings       [   0.14231] Single Buffer requirement not met.
display  D   display_settings.c:214  debug_display_settings           [   0.14240] color: 32 (rgba 8880), depth: 24, stencil: 0, acc: 0000, samples: 0/0
display  D   display_settings.c:400  _al_score_display_settings       [   0.14251] Single Buffer requirement not met.
display  D   display_settings.c:214  debug_display_settings           [   0.14260] color: 32 (rgba 8880), depth: 24, stencil: 0, acc: 0000, samples: 0/0
display  D   display_settings.c:400  _al_score_display_settings       [   0.14270] Single Buffer requirement not met.
display  D   display_settings.c:214  debug_display_settings           [   0.14279] color: 32 (rgba 8880), depth: 16, stencil: 0, acc: 0000, samples: 0/0
display  D   display_settings.c:400  _al_score_display_settings       [   0.15208] Single Buffer requirement not met.
display  D   display_settings.c:214  debug_display_settings           [   0.15223] color: 32 (rgba 8880), depth: 16, stencil: 0, acc: 0000, samples: 0/0
display  D   display_settings.c:400  _al_score_display_settings       [   0.15247] Single Buffer requirement not met.
display  D   display_settings.c:214  debug_display_settings           [   0.15257] color: 16 (rgba 5650), depth: 0, stencil: 0, acc: 0000, samples: 0/0
display  D   display_settings.c:400  _al_score_display_settings       [   0.15268] Single Buffer requirement not met.
display  D   display_settings.c:214  debug_display_settings           [   0.15280] color: 16 (rgba 5650), depth: 0, stencil: 0, acc: 0000, samples: 0/0
display  D   display_settings.c:400  _al_score_display_settings       [   0.15317] Single Buffer requirement not met.
display  D   display_settings.c:214  debug_display_settings           [   0.15328] color: 16 (rgba 5650), depth: 24, stencil: 8, acc: 0000, samples: 0/0
display  D   display_settings.c:400  _al_score_display_settings       [   0.15338] Single Buffer requirement not met.
display  D   display_settings.c:214  debug_display_settings           [   0.15348] color: 16 (rgba 5650), depth: 24, stencil: 8, acc: 0000, samples: 0/0
display  D   display_settings.c:400  _al_score_display_settings       [   0.15358] Single Buffer requirement not met.
display  D   display_settings.c:214  debug_display_settings           [   0.15368] color: 16 (rgba 5650), depth: 24, stencil: 0, acc: 0000, samples: 0/0
display  D   display_settings.c:400  _al_score_display_settings       [   0.15378] Single Buffer requirement not met.
display  D   display_settings.c:214  debug_display_settings           [   0.15388] color: 16 (rgba 5650), depth: 24, stencil: 0, acc: 0000, samples: 0/0
display  D   display_settings.c:400  _al_score_display_settings       [   0.15398] Single Buffer requirement not met.
display  D   display_settings.c:214  debug_display_settings           [   0.15411] color: 16 (rgba 5650), depth: 16, stencil: 0, acc: 0000, samples: 0/0
display  D   display_settings.c:400  _al_score_display_settings       [   0.15421] Single Buffer requirement not met.
display  D   display_settings.c:214  debug_display_settings           [   0.15431] color: 16 (rgba 5650), depth: 16, stencil: 0, acc: 0000, samples: 0/0
display  D   display_settings.c:400  _al_score_display_settings       [   0.15441] Single Buffer requirement not met.
display  D   display_settings.c:214  debug_display_settings           [   0.15451] color: 32 (rgba 8880), depth: 0, stencil: 0, acc: 0000, samples: 0/0
display  D   display_settings.c:529  _al_score_display_settings       [   0.15461] Score is : 769
display  D   display_settings.c:214  debug_display_settings           [   0.15470] color: 32 (rgba 8880), depth: 0, stencil: 0, acc: 0000, samples: 0/0
display  D   display_settings.c:529  _al_score_display_settings       [   0.15480] Score is : 769
display  D   display_settings.c:214  debug_display_settings           [   0.15489] color: 32 (rgba 8880), depth: 24, stencil: 8, acc: 0000, samples: 0/0
display  D   display_settings.c:529  _al_score_display_settings       [   0.15500] Score is : 769
display  D   display_settings.c:214  debug_display_settings           [   0.15509] color: 32 (rgba 8880), depth: 24, stencil: 8, acc: 0000, samples: 0/0
display  D   display_settings.c:529  _al_score_display_settings       [   0.15520] Score is : 769
display  D   display_settings.c:214  debug_display_settings           [   0.15529] color: 32 (rgba 8880), depth: 24, stencil: 0, acc: 0000, samples: 0/0
display  D   display_settings.c:529  _al_score_display_settings       [   0.15540] Score is : 769
display  D   display_settings.c:214  debug_display_settings           [   0.15549] color: 32 (rgba 8880), depth: 24, stencil: 0, acc: 0000, samples: 0/0
display  D   display_settings.c:529  _al_score_display_settings       [   0.15559] Score is : 769
display  D   display_settings.c:214  debug_display_settings           [   0.15569] color: 32 (rgba 8880), depth: 16, stencil: 0, acc: 0000, samples: 0/0
display  D   display_settings.c:529  _al_score_display_settings       [   0.15579] Score is : 769
display  D   display_settings.c:214  debug_display_settings           [   0.15588] color: 32 (rgba 8880), depth: 16, stencil: 0, acc: 0000, samples: 0/0
display  D   display_settings.c:529  _al_score_display_settings       [   0.15599] Score is : 769
display  D   display_settings.c:214  debug_display_settings           [   0.15609] color: 16 (rgba 5650), depth: 0, stencil: 0, acc: 0000, samples: 0/0
display  D   display_settings.c:529  _al_score_display_settings       [   0.15620] Score is : 769
display  D   display_settings.c:214  debug_display_settings           [   0.15629] color: 16 (rgba 5650), depth: 0, stencil: 0, acc: 0000, samples: 0/0
display  D   display_settings.c:529  _al_score_display_settings       [   0.15639] Score is : 769
display  D   display_settings.c:214  debug_display_settings           [   0.15648] color: 16 (rgba 5650), depth: 24, stencil: 8, acc: 0000, samples: 0/0
display  D   display_settings.c:529  _al_score_display_settings       [   0.15659] Score is : 769
display  D   display_settings.c:214  debug_display_settings           [   0.15668] color: 16 (rgba 5650), depth: 24, stencil: 8, acc: 0000, samples: 0/0
display  D   display_settings.c:529  _al_score_display_settings       [   0.15678] Score is : 769
display  D   display_settings.c:214  debug_display_settings           [   0.15688] color: 16 (rgba 5650), depth: 24, stencil: 0, acc: 0000, samples: 0/0
display  D   display_settings.c:529  _al_score_display_settings       [   0.15699] Score is : 769
display  D   display_settings.c:214  debug_display_settings           [   0.15708] color: 16 (rgba 5650), depth: 24, stencil: 0, acc: 0000, samples: 0/0
display  D   display_settings.c:529  _al_score_display_settings       [   0.15718] Score is : 769
display  D   display_settings.c:214  debug_display_settings           [   0.15727] color: 16 (rgba 5650), depth: 16, stencil: 0, acc: 0000, samples: 0/0
display  D   display_settings.c:529  _al_score_display_settings       [   0.15738] Score is : 769
display  D   display_settings.c:214  debug_display_settings           [   0.15747] color: 16 (rgba 5650), depth: 16, stencil: 0, acc: 0000, samples: 0/0
display  D   display_settings.c:529  _al_score_display_settings       [   0.15757] Score is : 769
display  D   display_settings.c:214  debug_display_settings           [   0.15766] color: 32 (rgba 8880), depth: 0, stencil: 0, acc: 0000, samples: 0/0
display  D   display_settings.c:400  _al_score_display_settings       [   0.15776] Single Buffer requirement not met.
display  D   display_settings.c:214  debug_display_settings           [   0.15785] color: 32 (rgba 8880), depth: 0, stencil: 0, acc: 0000, samples: 0/0
display  D   display_settings.c:400  _al_score_display_settings       [   0.15795] Single Buffer requirement not met.
display  D   display_settings.c:214  debug_display_settings           [   0.15805] color: 32 (rgba 8880), depth: 24, stencil: 8, acc: 0000, samples: 0/0
display  D   display_settings.c:400  _al_score_display_settings       [   0.15841] Single Buffer requirement not met.
display  D   display_settings.c:214  debug_display_settings           [   0.15852] color: 32 (rgba 8880), depth: 24, stencil: 8, acc: 0000, samples: 0/0
display  D   display_settings.c:400  _al_score_display_settings       [   0.15862] Single Buffer requirement not met.
display  D   display_settings.c:214  debug_display_settings           [   0.15871] color: 32 (rgba 8880), depth: 24, stencil: 0, acc: 0000, samples: 0/0
display  D   display_settings.c:400  _al_score_display_settings       [   0.15881] Single Buffer requirement not met.
display  D   display_settings.c:214  debug_display_settings           [   0.15890] color: 32 (rgba 8880), depth: 24, stencil: 0, acc: 0000, samples: 0/0
display  D   display_settings.c:400  _al_score_display_settings       [   0.15901] Single Buffer requirement not met.
display  D   display_settings.c:214  debug_display_settings           [   0.15910] color: 32 (rgba 8880), depth: 16, stencil: 0, acc: 0000, samples: 0/0
display  D   display_settings.c:400  _al_score_display_settings       [   0.15920] Single Buffer requirement not met.
display  D   display_settings.c:214  debug_display_settings           [   0.15929] color: 32 (rgba 8880), depth: 16, stencil: 0, acc: 0000, samples: 0/0
display  D   display_settings.c:400  _al_score_display_settings       [   0.15951] Single Buffer requirement not met.
display  D   display_settings.c:214  debug_display_settings           [   0.15980] color: 16 (rgba 5650), depth: 0, stencil: 0, acc: 0000, samples: 0/0
display  D   display_settings.c:400  _al_score_display_settings       [   0.16006] Single Buffer requirement not met.
display  D   display_settings.c:214  debug_display_settings           [   0.16016] color: 16 (rgba 5650), depth: 0, stencil: 0, acc: 0000, samples: 0/0
display  D   display_settings.c:400  _al_score_display_settings       [   0.16026] Single Buffer requirement not met.
display  D   display_settings.c:214  debug_display_settings           [   0.16038] color: 16 (rgba 5650), depth: 24, stencil: 8, acc: 0000, samples: 0/0
display  D   display_settings.c:400  _al_score_display_settings       [   0.16059] Single Buffer requirement not met.
display  D   display_settings.c:214  debug_display_settings           [   0.16069] color: 16 (rgba 5650), depth: 24, stencil: 8, acc: 0000, samples: 0/0
display  D   display_settings.c:400  _al_score_display_settings       [   0.16079] Single Buffer requirement not met.
display  D   display_settings.c:214  debug_display_settings           [   0.16093] color: 16 (rgba 5650), depth: 24, stencil: 0, acc: 0000, samples: 0/0
display  D   display_settings.c:400  _al_score_display_settings       [   0.16122] Single Buffer requirement not met.
display  D   display_settings.c:214  debug_display_settings           [   0.16141] color: 16 (rgba 5650), depth: 24, stencil: 0, acc: 0000, samples: 0/0
display  D   display_settings.c:400  _al_score_display_settings       [   0.16151] Single Buffer requirement not met.
display  D   display_settings.c:214  debug_display_settings           [   0.16160] color: 16 (rgba 5650), depth: 16, stencil: 0, acc: 0000, samples: 0/0
display  D   display_settings.c:400  _al_score_display_settings       [   0.16170] Single Buffer requirement not met.
display  D   display_settings.c:214  debug_display_settings           [   0.16179] color: 16 (rgba 5650), depth: 16, stencil: 0, acc: 0000, samples: 0/0
display  D   display_settings.c:400  _al_score_display_settings       [   0.16189] Single Buffer requirement not met.
d3d      D         d3d_disp.cpp:1677 d3d_create_display_internals     [   0.16203] Trying format 0.
d3d      I         d3d_disp.cpp:1353 d3d_display_thread_proc          [   0.16456] Chose a display format: 23
d3d      I         d3d_disp.cpp:1422 d3d_display_thread_proc          [   0.16475] Normal window.
d3d      I         d3d_disp.cpp:786  d3d_create_device                [   0.21823] Using no depth stencil buffer
d3d      D         d3d_disp.cpp:848  d3d_create_device                [   0.29820] BeginScene succeeded in create_device
d3d      D         d3d_disp.cpp:856  d3d_create_device                [   0.29842] Success
d3d      D         d3d_disp.cpp:1703 d3d_create_display_internals     [   0.29856] Resumed after wait.
d3d      I         d3d_disp.cpp:1736 d3d_create_display_internals     [   0.29869] Format 0 succeeded.
d3d      D         d3d_disp.cpp:1767 d3d_create_display_internals     [   0.29881] Returning d3d_display: 0109D2E0
d3d      D         d3d_disp.cpp:1792 d3d_create_display_locked        [   0.29891] al_display=0109D2E0
d3d      D         d3d_disp.cpp:1793 d3d_create_display_locked        [   0.29900] al_display->vt=01059A30
system   D            wsystem.c:834  maybe_parent_dir                 [   0.29966] Also searching C:\Users\bilol\source\repos\AllegroGame\
system   W            wsystem.c:894  _al_win_safe_load_library        [   0.30092] PathFindOnPath failed to find d3dx9_43.dll
system   D            wsystem.c:834  maybe_parent_dir                 [   0.30121] Also searching C:\Users\bilol\source\repos\AllegroGame\
system   W            wsystem.c:894  _al_win_safe_load_library        [   0.30238] PathFindOnPath failed to find d3dx9_42.dll
system   D            wsystem.c:834  maybe_parent_dir                 [   0.30278] Also searching C:\Users\bilol\source\repos\AllegroGame\
system   W            wsystem.c:894  _al_win_safe_load_library        [   0.30383] PathFindOnPath failed to find d3dx9_41.dll
system   D            wsystem.c:834  maybe_parent_dir                 [   0.30415] Also searching C:\Users\bilol\source\repos\AllegroGame\
system   W            wsystem.c:894  _al_win_safe_load_library        [   0.30507] PathFindOnPath failed to find d3dx9_40.dll
system   D            wsystem.c:834  maybe_parent_dir                 [   0.30531] Also searching C:\Users\bilol\source\repos\AllegroGame\
system   W            wsystem.c:894  _al_win_safe_load_library        [   0.30620] PathFindOnPath failed to find d3dx9_39.dll
system   D            wsystem.c:834  maybe_parent_dir                 [   0.30643] Also searching C:\Users\bilol\source\repos\AllegroGame\
system   W            wsystem.c:894  _al_win_safe_load_library        [   0.30732] PathFindOnPath failed to find d3dx9_38.dll
system   D            wsystem.c:834  maybe_parent_dir                 [   0.30755] Also searching C:\Users\bilol\source\repos\AllegroGame\
system   W            wsystem.c:894  _al_win_safe_load_library        [   0.30843] PathFindOnPath failed to find d3dx9_37.dll
system   D            wsystem.c:834  maybe_parent_dir                 [   0.30866] Also searching C:\Users\bilol\source\repos\AllegroGame\
system   W            wsystem.c:894  _al_win_safe_load_library        [   0.30953] PathFindOnPath failed to find d3dx9_36.dll
system   D            wsystem.c:834  maybe_parent_dir                 [   0.30976] Also searching C:\Users\bilol\source\repos\AllegroGame\
system   W            wsystem.c:894  _al_win_safe_load_library        [   0.31066] PathFindOnPath failed to find d3dx9_35.dll
system   D            wsystem.c:834  maybe_parent_dir                 [   0.31112] Also searching C:\Users\bilol\source\repos\AllegroGame\
system   W            wsystem.c:894  _al_win_safe_load_library        [   0.31207] PathFindOnPath failed to find d3dx9_34.dll
system   D            wsystem.c:834  maybe_parent_dir                 [   0.31250] Also searching C:\Users\bilol\source\repos\AllegroGame\
system   W            wsystem.c:894  _al_win_safe_load_library        [   0.31358] PathFindOnPath failed to find d3dx9_33.dll
system   D            wsystem.c:834  maybe_parent_dir                 [   0.31386] Also searching C:\Users\bilol\source\repos\AllegroGame\
system   W            wsystem.c:894  _al_win_safe_load_library        [   0.31518] PathFindOnPath failed to find d3dx9_32.dll
system   D            wsystem.c:834  maybe_parent_dir                 [   0.31555] Also searching C:\Users\bilol\source\repos\AllegroGame\
system   W            wsystem.c:894  _al_win_safe_load_library        [   0.31650] PathFindOnPath failed to find d3dx9_31.dll
system   D            wsystem.c:834  maybe_parent_dir                 [   0.31674] Also searching C:\Users\bilol\source\repos\AllegroGame\
system   W            wsystem.c:894  _al_win_safe_load_library        [   0.31768] PathFindOnPath failed to find d3dx9_30.dll
system   D            wsystem.c:834  maybe_parent_dir                 [   0.31794] Also searching C:\Users\bilol\source\repos\AllegroGame\
system   W            wsystem.c:894  _al_win_safe_load_library        [   0.31885] PathFindOnPath failed to find d3dx9_29.dll
system   D            wsystem.c:834  maybe_parent_dir                 [   0.31919] Also searching C:\Users\bilol\source\repos\AllegroGame\
system   W            wsystem.c:894  _al_win_safe_load_library        [   0.32014] PathFindOnPath failed to find d3dx9_28.dll
system   D            wsystem.c:834  maybe_parent_dir                 [   0.32039] Also searching C:\Users\bilol\source\repos\AllegroGame\
system   W            wsystem.c:894  _al_win_safe_load_library        [   0.32129] PathFindOnPath failed to find d3dx9_27.dll
system   D            wsystem.c:834  maybe_parent_dir                 [   0.32157] Also searching C:\Users\bilol\source\repos\AllegroGame\
system   W            wsystem.c:894  _al_win_safe_load_library        [   0.32247] PathFindOnPath failed to find d3dx9_26.dll
system   D            wsystem.c:834  maybe_parent_dir                 [   0.32275] Also searching C:\Users\bilol\source\repos\AllegroGame\
system   W            wsystem.c:894  _al_win_safe_load_library        [   0.32372] PathFindOnPath failed to find d3dx9_25.dll
system   D            wsystem.c:834  maybe_parent_dir                 [   0.32398] Also searching C:\Users\bilol\source\repos\AllegroGame\
system   W            wsystem.c:894  _al_win_safe_load_library        [   0.32491] PathFindOnPath failed to find d3dx9_24.dll
d3dx9    E        d3d_d3dx9.cpp:121  _al_load_d3dx9_module            [   0.32504] Failed to load D3DX9 library. Library is not installed.
dtor     D               dtor.c:196  _al_register_destructor          [   0.32524] added dtor for timer 01085198, func 6DD9197E
dtor     D               dtor.c:196  _al_register_destructor          [   0.32536] added dtor for queue 07A6EB30, func 6DD9171C
stdio    D         file_stdio.c:110  file_stdio_fopen                 [   0.32546] opening ..\assets\player.png rb
stdio    D         file_stdio.c:110  file_stdio_fopen                 [   0.32614] opening ..\assets\player.png rb
d3d      D         d3d_disp.cpp:1197 real_choose_bitmap_format        [   0.32666] Fake format
d3d      D         d3d_disp.cpp:1197 real_choose_bitmap_format        [   0.32676] Fake format
d3d      D         d3d_disp.cpp:1197 real_choose_bitmap_format        [   0.32685] Fake format
d3d      D         d3d_disp.cpp:1197 real_choose_bitmap_format        [   0.32694] Fake format
d3d      D         d3d_disp.cpp:1197 real_choose_bitmap_format        [   0.32703] Fake format
d3d      D         d3d_disp.cpp:1197 real_choose_bitmap_format        [   0.32712] Fake format
d3d      D         d3d_disp.cpp:1197 real_choose_bitmap_format        [   0.32721] Fake format
d3d      D         d3d_disp.cpp:1197 real_choose_bitmap_format        [   0.32732] Fake format
d3d      D         d3d_disp.cpp:1197 real_choose_bitmap_format        [   0.32773] Fake format
d3d      D         d3d_disp.cpp:1205 real_choose_bitmap_format        [   0.32785] Alpha doesn't match
d3d      D         d3d_disp.cpp:1212 real_choose_bitmap_format        [   0.32794] Adapter format is 23
d3d      D         d3d_disp.cpp:1215 real_choose_bitmap_format        [   0.32804] Found a format
d3d      I         d3d_disp.cpp:2388 d3d_create_bitmap                [   0.32814] Chose bitmap format 9
dtor     D               dtor.c:196  _al_register_destructor          [   0.33588] added dtor for bitmap 07A77BF8, func 6DD917DF
stdio    D         file_stdio.c:110  file_stdio_fopen                 [   0.34063] opening ..\assets\npc_one_sprite.png rb
stdio    D         file_stdio.c:110  file_stdio_fopen                 [   0.34106] opening ..\assets\npc_one_sprite.png rb
d3d      D         d3d_disp.cpp:1197 real_choose_bitmap_format        [   0.35415] Fake format
d3d      D         d3d_disp.cpp:1197 real_choose_bitmap_format        [   0.35434] Fake format
d3d      D         d3d_disp.cpp:1197 real_choose_bitmap_format        [   0.35443] Fake format
d3d      D         d3d_disp.cpp:1197 real_choose_bitmap_format        [   0.35452] Fake format
d3d      D         d3d_disp.cpp:1197 real_choose_bitmap_format        [   0.35461] Fake format
d3d      D         d3d_disp.cpp:1197 real_choose_bitmap_format        [   0.35471] Fake format
d3d      D         d3d_disp.cpp:1197 real_choose_bitmap_format        [   0.35480] Fake format
d3d      D         d3d_disp.cpp:1197 real_choose_bitmap_format        [   0.35488] Fake format
d3d      D         d3d_disp.cpp:1197 real_choose_bitmap_format        [   0.35497] Fake format
d3d      D         d3d_disp.cpp:1205 real_choose_bitmap_format        [   0.35506] Alpha doesn't match
d3d      D         d3d_disp.cpp:1212 real_choose_bitmap_format        [   0.35515] Adapter format is 23
d3d      D         d3d_disp.cpp:1215 real_choose_bitmap_format        [   0.35525] Found a format
d3d      I         d3d_disp.cpp:2388 d3d_create_bitmap                [   0.35534] Chose bitmap format 9
dtor     D               dtor.c:196  _al_register_destructor          [   0.35583] added dtor for bitmap 07A71B40, func 6DD917DF
stdio    D         file_stdio.c:110  file_stdio_fopen                 [   0.35684] opening ..\assets\tree.png rb
stdio    D         file_stdio.c:110  file_stdio_fopen                 [   0.35722] opening ..\assets\tree.png rb
d3d      D         d3d_disp.cpp:1197 real_choose_bitmap_format        [   0.35755] Fake format
d3d      D         d3d_disp.cpp:1197 real_choose_bitmap_format        [   0.35764] Fake format
d3d      D         d3d_disp.cpp:1197 real_choose_bitmap_format        [   0.35774] Fake format
d3d      D         d3d_disp.cpp:1197 real_choose_bitmap_format        [   0.35785] Fake format
d3d      D         d3d_disp.cpp:1197 real_choose_bitmap_format        [   0.35793] Fake format
d3d      D         d3d_disp.cpp:1197 real_choose_bitmap_format        [   0.35802] Fake format
d3d      D         d3d_disp.cpp:1197 real_choose_bitmap_format        [   0.35811] Fake format
d3d      D         d3d_disp.cpp:1197 real_choose_bitmap_format        [   0.35820] Fake format
d3d      D         d3d_disp.cpp:1197 real_choose_bitmap_format        [   0.35829] Fake format
d3d      D         d3d_disp.cpp:1205 real_choose_bitmap_format        [   0.35842] Alpha doesn't match
d3d      D         d3d_disp.cpp:1212 real_choose_bitmap_format        [   0.35855] Adapter format is 23
d3d      D         d3d_disp.cpp:1215 real_choose_bitmap_format        [   0.35865] Found a format
d3d      I         d3d_disp.cpp:2388 d3d_create_bitmap                [   0.35875] Chose bitmap format 9
dtor     D               dtor.c:196  _al_register_destructor          [   0.35927] added dtor for bitmap 07A9C7E0, func 6DD917DF
stdio    D         file_stdio.c:110  file_stdio_fopen                 [   0.36126] opening ..\assets\boxT.png rb
stdio    D         file_stdio.c:110  file_stdio_fopen                 [   0.36177] opening ..\assets\boxT.png rb
d3d      D         d3d_disp.cpp:1197 real_choose_bitmap_format        [   0.36203] Fake format
d3d      D         d3d_disp.cpp:1197 real_choose_bitmap_format        [   0.36213] Fake format
d3d      D         d3d_disp.cpp:1197 real_choose_bitmap_format        [   0.36222] Fake format
d3d      D         d3d_disp.cpp:1197 real_choose_bitmap_format        [   0.36231] Fake format
d3d      D         d3d_disp.cpp:1197 real_choose_bitmap_format        [   0.36240] Fake format
d3d      D         d3d_disp.cpp:1197 real_choose_bitmap_format        [   0.36248] Fake format
d3d      D         d3d_disp.cpp:1197 real_choose_bitmap_format        [   0.36257] Fake format
d3d      D         d3d_disp.cpp:1197 real_choose_bitmap_format        [   0.36266] Fake format
d3d      D         d3d_disp.cpp:1197 real_choose_bitmap_format        [   0.36275] Fake format
d3d      D         d3d_disp.cpp:1205 real_choose_bitmap_format        [   0.36283] Alpha doesn't match
d3d      D         d3d_disp.cpp:1212 real_choose_bitmap_format        [   0.36292] Adapter format is 23
d3d      D         d3d_disp.cpp:1215 real_choose_bitmap_format        [   0.36302] Found a format
d3d      I         d3d_disp.cpp:2388 d3d_create_bitmap                [   0.36311] Chose bitmap format 9
dtor     D               dtor.c:196  _al_register_destructor          [   0.36369] added dtor for bitmap 07A71928, func 6DD917DF
stdio    D         file_stdio.c:110  file_stdio_fopen                 [   0.36546] opening ..\assets\button_0.png rb
stdio    D         file_stdio.c:110  file_stdio_fopen                 [   0.36638] opening ..\assets\button_0.png rb
image    E                png.c:415  _al_load_png                     [   0.36656] Unable to open ..\assets\button_0.png for reading.
bitmap   E          bitmap_io.c:209  al_load_bitmap_flags             [   0.36667] Failed loading bitmap ..\assets\button_0.png with .png handler.
stdio    D         file_stdio.c:110  file_stdio_fopen                 [   0.36679] opening ..\font.ttf rb
font     D                ttf.c:973  al_load_ttf_font_stretch_f       [   0.36764] Font ..\font.ttf loaded with pixel size 0 x 20.
font     D                ttf.c:975  al_load_ttf_font_stretch_f       [   0.36775]     ascent=21.0, descent=-7.0, height=30.0
dtor     D               dtor.c:196  _al_register_destructor          [   0.36786] added dtor for ttf_font 010EFEA8, func 734D100F
